Error: Current design is not defined. (UID-4)
0
Error: Current design is not defined. (UID-4)
0
Error: Current design is not defined. (UID-4)
0
Error: Current design is not defined. (UID-4)
0
Error: Current design is not defined. (UID-4)
0
Error: Current design is not defined. (UID-4)
0
 
****************************************
Report : constraint
        -all_violators
        -verbose
Design : counter
Version: K-2015.06-SP1
Date   : Sat Mar 25 19:02:43 2023
****************************************

This design has no violated constraints.

1
 
****************************************
Report : constraint
        -all_violators
        -verbose
Design : counter
Version: K-2015.06-SP1
Date   : Sat Mar 25 19:09:16 2023
****************************************

This design has no violated constraints.

1
