
****************************************
Report : area
Design : counter
Version: K-2015.06-SP1
Date   : Sat Mar 25 19:02:42 2023
****************************************

Library(s) Used:

    asap7sc7p5t_22b_AO_RVT_TT_170906 (File: /afs/asu.edu/class/e/e/e/eee525b/asap7libs/asap7libs_24/db/asap7sc7p5t_22b_AO_RVT_TT_170906.db)
    asap7sc7p5t_22b_SIMPLE_RVT_TT_170906 (File: /afs/asu.edu/class/e/e/e/eee525b/asap7libs/asap7libs_24/db/asap7sc7p5t_22b_SIMPLE_RVT_TT_170906.db)
    asap7sc7p5t_22b_OA_RVT_TT_170906 (File: /afs/asu.edu/class/e/e/e/eee525b/asap7libs/asap7libs_24/db/asap7sc7p5t_22b_OA_RVT_TT_170906.db)
    asap7sc7p5t_22b_INVBUF_RVT_TT_170906 (File: /afs/asu.edu/class/e/e/e/eee525b/asap7libs/asap7libs_24/db/asap7sc7p5t_22b_INVBUF_RVT_TT_170906.db)
    asap7sc7p5t_22b_SEQ_RVT_TT_170906 (File: /afs/asu.edu/class/e/e/e/eee525b/asap7libs/asap7libs_24/db/asap7sc7p5t_22b_SEQ_RVT_TT_170906.db)

Number of ports:                           14
Number of nets:                            45
Number of cells:                           36
Number of combinational cells:             31
Number of sequential cells:                 5
Number of macros/black boxes:               0
Number of buf/inv:                          4
Number of references:                      10

Combinational area:                 32.659200
Buf/Inv area:                        2.799360
Noncombinational area:              23.327999
Macro/Black Box area:                0.000000
Net Interconnect area:      undefined  (No wire load specified)

Total cell area:                    55.987199
Total area:                 undefined

Hierarchical area distribution
------------------------------

                                  Global cell area          Local cell area
                                  ------------------  --------------------------- 
Hierarchical cell                 Absolute   Percent  Combi-    Noncombi-  Black-
                                  Total      Total    national  national   boxes   Design
--------------------------------  ---------  -------  --------  ---------  ------  ---------
counter                             55.9872    100.0   32.6592    23.3280  0.0000  counter
--------------------------------  ---------  -------  --------  ---------  ------  ---------
Total                                                  32.6592    23.3280  0.0000


Area of detected synthetic parts
--------------------------------
  No DW parts to report!

Estimated area of ungrouped synthetic parts
-------------------------------------------
                           Estimated  Perc. of
  Module   Implem.  Count       Area cell area
  -------- -------  ----- ---------- ---------
  DW01_inc apparch      1    10.4349     18.6%
  -------- -------  ----- ---------- ---------
  Total:                1    10.4349     18.6%

Total synthetic cell area:              10.4349  18.6%  (estimated)

1
 
****************************************
Report : area
Design : counter
Version: K-2015.06-SP1
Date   : Sat Mar 25 19:09:15 2023
****************************************

Library(s) Used:

    asap7sc7p5t_22b_AO_RVT_TT_170906 (File: /afs/asu.edu/class/e/e/e/eee525b/asap7libs/asap7libs_24/db/asap7sc7p5t_22b_AO_RVT_TT_170906.db)
    asap7sc7p5t_22b_SIMPLE_RVT_TT_170906 (File: /afs/asu.edu/class/e/e/e/eee525b/asap7libs/asap7libs_24/db/asap7sc7p5t_22b_SIMPLE_RVT_TT_170906.db)
    asap7sc7p5t_22b_OA_RVT_TT_170906 (File: /afs/asu.edu/class/e/e/e/eee525b/asap7libs/asap7libs_24/db/asap7sc7p5t_22b_OA_RVT_TT_170906.db)
    asap7sc7p5t_22b_INVBUF_RVT_TT_170906 (File: /afs/asu.edu/class/e/e/e/eee525b/asap7libs/asap7libs_24/db/asap7sc7p5t_22b_INVBUF_RVT_TT_170906.db)
    asap7sc7p5t_22b_SEQ_RVT_TT_170906 (File: /afs/asu.edu/class/e/e/e/eee525b/asap7libs/asap7libs_24/db/asap7sc7p5t_22b_SEQ_RVT_TT_170906.db)

Number of ports:                           14
Number of nets:                            45
Number of cells:                           36
Number of combinational cells:             31
Number of sequential cells:                 5
Number of macros/black boxes:               0
Number of buf/inv:                          4
Number of references:                      10

Combinational area:                 32.659200
Buf/Inv area:                        2.799360
Noncombinational area:              23.327999
Macro/Black Box area:                0.000000
Net Interconnect area:      undefined  (No wire load specified)

Total cell area:                    55.987199
Total area:                 undefined

Hierarchical area distribution
------------------------------

                                  Global cell area          Local cell area
                                  ------------------  --------------------------- 
Hierarchical cell                 Absolute   Percent  Combi-    Noncombi-  Black-
                                  Total      Total    national  national   boxes   Design
--------------------------------  ---------  -------  --------  ---------  ------  ---------
counter                             55.9872    100.0   32.6592    23.3280  0.0000  counter
--------------------------------  ---------  -------  --------  ---------  ------  ---------
Total                                                  32.6592    23.3280  0.0000


Area of detected synthetic parts
--------------------------------
  No DW parts to report!

Estimated area of ungrouped synthetic parts
-------------------------------------------
                           Estimated  Perc. of
  Module   Implem.  Count       Area cell area
  -------- -------  ----- ---------- ---------
  DW01_inc apparch      1    10.4349     18.6%
  -------- -------  ----- ---------- ---------
  Total:                1    10.4349     18.6%

Total synthetic cell area:              10.4349  18.6%  (estimated)

1
